SF:lib/extensions/build_context.extension.dart
DA:7,0
DA:8,0
DA:12,0
DA:13,0
DA:17,0
DA:20,0
LF:6
LH:0
end_of_record
SF:lib/extensions/date_time.extension.dart
DA:4,1
DA:5,1
DA:6,9
DA:10,1
DA:11,2
DA:12,3
DA:13,3
DA:14,3
DA:18,1
DA:19,4
DA:22,1
DA:23,1
DA:24,2
DA:27,1
DA:28,1
DA:29,2
DA:32,1
DA:36,1
DA:37,1
LF:19
LH:19
end_of_record
SF:lib/extensions/form.extension.dart
DA:6,0
DA:7,0
LF:2
LH:0
end_of_record
SF:lib/extensions/number.extension.dart
DA:5,1
DA:9,2
LF:2
LH:2
end_of_record
SF:lib/extensions/string.extension.dart
DA:4,3
DA:7,1
DA:11,2
DA:15,1
DA:20,2
LF:5
LH:5
end_of_record
